<?xml version="1.0" encoding="UTF-8"?>
<robot generator="Robot 5.0.1 (Python 3.10.5 on win32)" generated="20220625 22:11:51.017" rpa="false" schemaversion="3">
<suite id="s1" name="LoginTest" source="D:\autotesting\POM_Selenium_py\TestsCases\LoginTest.robot">
<test id="s1-t1" name="Login Test" line="13">
<kw name="Open my Browserku" library="LoginKeyword">
<arg>${SiteUrl}</arg>
<arg>${Browser}</arg>
<kw name="Open Browser" library="SeleniumLibrary">
<arg>${SiteUrl}</arg>
<arg>${Browser}</arg>
<doc>Opens a new browser instance to the optional ``url``.</doc>
<msg timestamp="20220625 22:11:51.788" level="INFO">Opening browser 'Chrome' to base url 'http://automationpractice.com/index.php'.</msg>
<status status="PASS" starttime="20220625 22:11:51.788" endtime="20220625 22:13:25.853"/>
</kw>
<kw name="Maximize Browser Window" library="SeleniumLibrary">
<doc>Maximizes current browser window.</doc>
<status status="PASS" starttime="20220625 22:13:25.853" endtime="20220625 22:13:25.967"/>
</kw>
<status status="PASS" starttime="20220625 22:11:51.787" endtime="20220625 22:13:25.967"/>
</kw>
<kw name="Clik Sign Input" library="LoginKeyword">
<kw name="Click Link" library="SeleniumLibrary">
<arg>${link_signIn}</arg>
<doc>Clicks a link identified by ``locator``.</doc>
<msg timestamp="20220625 22:13:25.968" level="INFO">Clicking link '//a[@class="login"]'.</msg>
<status status="PASS" starttime="20220625 22:13:25.968" endtime="20220625 22:13:29.749"/>
</kw>
<status status="PASS" starttime="20220625 22:13:25.968" endtime="20220625 22:13:29.749"/>
</kw>
<kw name="Enter UserName" library="LoginKeyword">
<arg>${user}</arg>
<kw name="Input Text" library="SeleniumLibrary">
<arg>${txt_loginUserName}</arg>
<arg>${username}</arg>
<doc>Types the given ``text`` into the text field identified by ``locator``.</doc>
<msg timestamp="20220625 22:13:29.751" level="INFO">Typing text 'natantondok@gmail.com' into text field '//input[@id="email"]'.</msg>
<status status="PASS" starttime="20220625 22:13:29.751" endtime="20220625 22:13:29.849"/>
</kw>
<status status="PASS" starttime="20220625 22:13:29.750" endtime="20220625 22:13:29.849"/>
</kw>
<kw name="Enter Password" library="LoginKeyword">
<arg>${pwd}</arg>
<kw name="Input Text" library="SeleniumLibrary">
<arg>${txt_loginpassword}</arg>
<arg>${password}</arg>
<doc>Types the given ``text`` into the text field identified by ``locator``.</doc>
<msg timestamp="20220625 22:13:29.850" level="INFO">Typing text 'P@ss123456' into text field '//input[@id="passwd"]'.</msg>
<status status="PASS" starttime="20220625 22:13:29.850" endtime="20220625 22:13:29.938"/>
</kw>
<status status="PASS" starttime="20220625 22:13:29.849" endtime="20220625 22:13:29.939"/>
</kw>
<kw name="Click Button Sign In" library="LoginKeyword">
<kw name="Click Button" library="SeleniumLibrary">
<arg>${button_Login}</arg>
<doc>Clicks the button identified by ``locator``.</doc>
<msg timestamp="20220625 22:13:29.940" level="INFO">Clicking button '//button[@id="SubmitLogin"]'.</msg>
<status status="PASS" starttime="20220625 22:13:29.939" endtime="20220625 22:13:32.994"/>
</kw>
<status status="PASS" starttime="20220625 22:13:29.939" endtime="20220625 22:13:32.994"/>
</kw>
<kw name="Verify Succesfull Login" library="LoginKeyword">
<kw name="Title Should Be" library="SeleniumLibrary">
<arg>My account - My Store</arg>
<doc>Verifies that the current page title equals ``title``.</doc>
<msg timestamp="20220625 22:13:33.000" level="INFO">Page title is 'My account - My Store'.</msg>
<status status="PASS" starttime="20220625 22:13:32.996" endtime="20220625 22:13:33.000"/>
</kw>
<status status="PASS" starttime="20220625 22:13:32.995" endtime="20220625 22:13:33.000"/>
</kw>
<kw name="Close Browser" library="LoginKeyword">
<kw name="Close All Browsers" library="SeleniumLibrary">
<doc>Closes all open browsers and resets the browser cache.</doc>
<status status="PASS" starttime="20220625 22:13:33.001" endtime="20220625 22:13:35.137"/>
</kw>
<status status="PASS" starttime="20220625 22:13:33.001" endtime="20220625 22:13:35.137"/>
</kw>
<status status="PASS" starttime="20220625 22:11:51.786" endtime="20220625 22:13:35.139"/>
</test>
<status status="PASS" starttime="20220625 22:11:51.028" endtime="20220625 22:13:35.144"/>
</suite>
<statistics>
<total>
<stat pass="1" fail="0" skip="0">All Tests</stat>
</total>
<tag>
</tag>
<suite>
<stat pass="1" fail="0" skip="0" id="s1" name="LoginTest">LoginTest</stat>
</suite>
</statistics>
<errors>
</errors>
</robot>
