<?xml version="1.0" encoding="UTF-8"?>
<robot generator="Robot 5.0.1 (Python 3.10.5 on win32)" generated="20220629 19:59:52.375" rpa="false" schemaversion="3">
<suite id="s1" name="Homepagetest" source="D:\autotesting\POM_RobotFR_Automation\testscases\homepagetest.robot">
<test id="s1-t1" name="Verify Home Page" line="12">
<kw name="Open my Browserku" library="HomePages">
<arg>${SiteUrl}</arg>
<arg>${Browser}</arg>
<kw name="Open Browser" library="SeleniumLibrary">
<arg>${SiteUrl}</arg>
<arg>${Browser}</arg>
<doc>Opens a new browser instance to the optional ``url``.</doc>
<msg timestamp="20220629 19:59:55.443" level="INFO">Opening browser 'Chrome' to base url 'http://automationpractice.com/index.php'.</msg>
<status status="PASS" starttime="20220629 19:59:55.441" endtime="20220629 20:02:08.150"/>
</kw>
<kw name="Maximize Browser Window" library="SeleniumLibrary">
<doc>Maximizes current browser window.</doc>
<status status="PASS" starttime="20220629 20:02:08.150" endtime="20220629 20:02:08.263"/>
</kw>
<status status="PASS" starttime="20220629 19:59:55.439" endtime="20220629 20:02:08.263"/>
</kw>
<kw name="Verify Current Url Is Homepage Url" library="HomePages">
<doc>Verify current url is homepage url</doc>
<kw name="Location Should Be" library="SeleniumLibrary">
<arg>${SiteUrl}</arg>
<doc>Verifies that the current URL is exactly ``url``.</doc>
<msg timestamp="20220629 20:02:08.267" level="INFO">Current location is 'http://automationpractice.com/index.php'.</msg>
<status status="PASS" starttime="20220629 20:02:08.264" endtime="20220629 20:02:08.267"/>
</kw>
<status status="PASS" starttime="20220629 20:02:08.264" endtime="20220629 20:02:08.267"/>
</kw>
<kw name="Verify Homepage Title" library="HomePages">
<doc>Verify homepage title</doc>
<kw name="Element Should Be Visible" library="SeleniumLibrary">
<arg>${Title}</arg>
<doc>Verifies that the element identified by ``locator`` is visible.</doc>
<msg timestamp="20220629 20:02:08.356" level="INFO">Element '//img[@class="img-responsive"]' is displayed.</msg>
<status status="PASS" starttime="20220629 20:02:08.268" endtime="20220629 20:02:08.356"/>
</kw>
<status status="PASS" starttime="20220629 20:02:08.268" endtime="20220629 20:02:08.356"/>
</kw>
<kw name="Verify Contact No" library="HomePages">
<tag>L01</tag>
<doc>Verify Contact Number</doc>
<kw name="Element Should Be Visible" library="SeleniumLibrary">
<arg>${ContactNo}</arg>
<doc>Verifies that the element identified by ``locator`` is visible.</doc>
<msg timestamp="20220629 20:02:08.378" level="INFO">Element '//span[@class="shop-phone"]' is displayed.</msg>
<status status="PASS" starttime="20220629 20:02:08.357" endtime="20220629 20:02:08.379"/>
</kw>
<status status="PASS" starttime="20220629 20:02:08.356" endtime="20220629 20:02:08.379"/>
</kw>
<kw name="Verify Logo" library="HomePages">
<doc>Verify Logo</doc>
<kw name="Element Should Be Visible" library="SeleniumLibrary">
<arg>${Logo}</arg>
<doc>Verifies that the element identified by ``locator`` is visible.</doc>
<msg timestamp="20220629 20:02:08.399" level="INFO">Element '//div[@id="header_logo"]' is displayed.</msg>
<status status="PASS" starttime="20220629 20:02:08.380" endtime="20220629 20:02:08.399"/>
</kw>
<status status="PASS" starttime="20220629 20:02:08.379" endtime="20220629 20:02:08.399"/>
</kw>
<kw name="Verify Searching text" library="HomePages">
<arg>${validtext}</arg>
<kw name="Input Text" library="SeleniumLibrary">
<arg>${search_text}</arg>
<arg>${validtext}</arg>
<doc>Types the given ``text`` into the text field identified by ``locator``.</doc>
<msg timestamp="20220629 20:02:08.401" level="INFO">Typing text 'Dress' into text field '//input[@id="search_query_top"]'.</msg>
<status status="PASS" starttime="20220629 20:02:08.400" endtime="20220629 20:02:08.485"/>
</kw>
<status status="PASS" starttime="20220629 20:02:08.400" endtime="20220629 20:02:08.485"/>
</kw>
<kw name="Sleep" library="BuiltIn">
<arg>5s</arg>
<doc>Pauses the test executed for the given time.</doc>
<msg timestamp="20220629 20:02:13.487" level="INFO">Slept 5 seconds</msg>
<status status="PASS" starttime="20220629 20:02:08.485" endtime="20220629 20:02:13.487"/>
</kw>
<kw name="Verify Button Searh" library="HomePages">
<doc>Verify Button Searching</doc>
<kw name="Element Should Be Visible" library="SeleniumLibrary">
<arg>${button_search}</arg>
<doc>Verifies that the element identified by ``locator`` is visible.</doc>
<msg timestamp="20220629 20:02:13.565" level="INFO">Element '//button[@name="submit_search"]' is displayed.</msg>
<status status="PASS" starttime="20220629 20:02:13.490" endtime="20220629 20:02:13.565"/>
</kw>
<status status="PASS" starttime="20220629 20:02:13.489" endtime="20220629 20:02:13.566"/>
</kw>
<kw name="Verify Shopping Cart" library="HomePages">
<doc>Verify Shopping Cart</doc>
<kw name="Click Link" library="SeleniumLibrary">
<arg>${Shopping_Cart_link}</arg>
<doc>Clicks a link identified by ``locator``.</doc>
<msg timestamp="20220629 20:02:13.570" level="INFO">Clicking link '//a[@title="View my shopping cart"]'.</msg>
<status status="PASS" starttime="20220629 20:02:13.569" endtime="20220629 20:02:22.749"/>
</kw>
<kw name="Element Should Contain" library="SeleniumLibrary">
<arg>${shopping_cart_page}</arg>
<arg>Your shopping cart</arg>
<doc>Verifies that element ``locator`` contains text ``expected``.</doc>
<msg timestamp="20220629 20:02:22.799" level="INFO">Element '//span[@class="navigation_page"]' contains text 'Your shopping cart'.</msg>
<status status="PASS" starttime="20220629 20:02:22.750" endtime="20220629 20:02:22.800"/>
</kw>
<kw name="Click Link" library="SeleniumLibrary">
<arg>${link_home_page}</arg>
<doc>Clicks a link identified by ``locator``.</doc>
<msg timestamp="20220629 20:02:22.800" level="INFO">Clicking link '//a[@title="My Store"]'.</msg>
<status status="PASS" starttime="20220629 20:02:22.800" endtime="20220629 20:02:37.757"/>
</kw>
<status status="PASS" starttime="20220629 20:02:13.567" endtime="20220629 20:02:37.757"/>
</kw>
<kw name="Sleep" library="BuiltIn">
<arg>2s</arg>
<doc>Pauses the test executed for the given time.</doc>
<msg timestamp="20220629 20:02:39.759" level="INFO">Slept 2 seconds</msg>
<status status="PASS" starttime="20220629 20:02:37.758" endtime="20220629 20:02:39.759"/>
</kw>
<kw name="Verify Top Menu" library="HomePages">
<doc>Verify Top Menu</doc>
<kw name="Element Should Be Visible" library="SeleniumLibrary">
<arg>${top_menu}</arg>
<doc>Verifies that the element identified by ``locator`` is visible.</doc>
<msg timestamp="20220629 20:02:39.842" level="INFO">Element '//div[@id="block_top_menu"]' is displayed.</msg>
<status status="PASS" starttime="20220629 20:02:39.762" endtime="20220629 20:02:39.842"/>
</kw>
<status status="PASS" starttime="20220629 20:02:39.761" endtime="20220629 20:02:39.843"/>
</kw>
<kw name="Verify Order Categori WOMAN" library="HomePages">
<doc>Verify link order category WOMAN</doc>
<kw name="Click Link" library="SeleniumLibrary">
<arg>${Link_cat_women}</arg>
<doc>Clicks a link identified by ``locator``.</doc>
<msg timestamp="20220629 20:02:39.844" level="INFO">Clicking link '//a[@title="Women"]'.</msg>
<status status="PASS" starttime="20220629 20:02:39.843" endtime="20220629 20:03:56.057"/>
</kw>
<kw name="Element Should Contain" library="SeleniumLibrary">
<arg>${Cat_women_page}</arg>
<arg>Women</arg>
<doc>Verifies that element ``locator`` contains text ``expected``.</doc>
<msg timestamp="20220629 20:03:56.093" level="INFO">Element '//span[@class="navigation_page"]' contains text 'Women'.</msg>
<status status="PASS" starttime="20220629 20:03:56.057" endtime="20220629 20:03:56.093"/>
</kw>
<kw name="Click Link" library="SeleniumLibrary">
<arg>${link_home_page}</arg>
<doc>Clicks a link identified by ``locator``.</doc>
<msg timestamp="20220629 20:03:56.094" level="INFO">Clicking link '//a[@title="My Store"]'.</msg>
<status status="PASS" starttime="20220629 20:03:56.093" endtime="20220629 20:04:10.553"/>
</kw>
<status status="PASS" starttime="20220629 20:02:39.843" endtime="20220629 20:04:10.554"/>
</kw>
<kw name="Sleep" library="BuiltIn">
<arg>2s</arg>
<doc>Pauses the test executed for the given time.</doc>
<msg timestamp="20220629 20:04:12.555" level="INFO">Slept 2 seconds</msg>
<status status="PASS" starttime="20220629 20:04:10.554" endtime="20220629 20:04:12.555"/>
</kw>
<kw name="Verify Product Order" library="HomePages">
<doc>Verify Container Product Order</doc>
<kw name="Element Should Be Visible" library="SeleniumLibrary">
<arg>${product_order}</arg>
<doc>Verifies that the element identified by ``locator`` is visible.</doc>
<msg timestamp="20220629 20:04:12.606" level="INFO">Element '//div[@class="product-container"]' is displayed.</msg>
<status status="PASS" starttime="20220629 20:04:12.558" endtime="20220629 20:04:12.606"/>
</kw>
<status status="PASS" starttime="20220629 20:04:12.557" endtime="20220629 20:04:12.606"/>
</kw>
<kw name="Verify Footer" library="HomePages">
<doc>Verify Footer</doc>
<kw name="Element Should Be Visible" library="SeleniumLibrary">
<arg>${footer}</arg>
<doc>Verifies that the element identified by ``locator`` is visible.</doc>
<msg timestamp="20220629 20:04:12.630" level="INFO">Element '//div[@class="footer-container"]' is displayed.</msg>
<status status="PASS" starttime="20220629 20:04:12.607" endtime="20220629 20:04:12.630"/>
</kw>
<status status="PASS" starttime="20220629 20:04:12.607" endtime="20220629 20:04:12.630"/>
</kw>
<kw name="Close my Browser" library="HomePages">
<kw name="Close All Browsers" library="SeleniumLibrary">
<doc>Closes all open browsers and resets the browser cache.</doc>
<status status="PASS" starttime="20220629 20:04:12.631" endtime="20220629 20:04:15.201"/>
</kw>
<status status="PASS" starttime="20220629 20:04:12.630" endtime="20220629 20:04:15.201"/>
</kw>
<status status="PASS" starttime="20220629 19:59:55.436" endtime="20220629 20:04:15.202"/>
</test>
<status status="PASS" starttime="20220629 19:59:52.390" endtime="20220629 20:04:15.203"/>
</suite>
<statistics>
<total>
<stat pass="1" fail="0" skip="0">All Tests</stat>
</total>
<tag>
</tag>
<suite>
<stat pass="1" fail="0" skip="0" id="s1" name="Homepagetest">Homepagetest</stat>
</suite>
</statistics>
<errors>
</errors>
</robot>
