<?xml version="1.0" encoding="UTF-8"?>
<robot generator="Robot 5.0.1 (Python 3.10.5 on win32)" generated="20220627 17:35:51.723" rpa="false" schemaversion="3">
<suite id="s1" name="registerTest" source="D:\autotesting\POM_Selenium_py\TestsCases\registerTest.robot">
<test id="s1-t1" name="Login Test" line="12">
<kw name="Open my Browser" library="registersPage">
<arg>${SiteUrl}</arg>
<arg>${Browser}</arg>
<kw name="Open Browser" library="SeleniumLibrary">
<arg>${SiteUrl}</arg>
<arg>${Browser}</arg>
<doc>Opens a new browser instance to the optional ``url``.</doc>
<msg timestamp="20220627 17:35:51.954" level="INFO">Opening browser 'Chrome' to base url 'http://automationpractice.com/index.php'.</msg>
<status status="PASS" starttime="20220627 17:35:51.954" endtime="20220627 17:36:13.215"/>
</kw>
<kw name="Maximize Browser Window" library="SeleniumLibrary">
<doc>Maximizes current browser window.</doc>
<status status="PASS" starttime="20220627 17:36:13.215" endtime="20220627 17:36:13.332"/>
</kw>
<status status="PASS" starttime="20220627 17:35:51.953" endtime="20220627 17:36:13.332"/>
</kw>
<kw name="Clik Sign Input" library="registersPage">
<kw name="Click Link" library="SeleniumLibrary">
<arg>${link_signIn}</arg>
<doc>Clicks a link identified by ``locator``.</doc>
<msg timestamp="20220627 17:36:13.333" level="INFO">Clicking link '//a[@class="login"]'.</msg>
<status status="PASS" starttime="20220627 17:36:13.333" endtime="20220627 17:36:19.603"/>
</kw>
<status status="PASS" starttime="20220627 17:36:13.333" endtime="20220627 17:36:19.603"/>
</kw>
<kw name="Enter New Email" library="registersPage">
<arg>${email}</arg>
<kw name="Input Text" library="SeleniumLibrary">
<arg>${txt_email}</arg>
<arg>${email}</arg>
<doc>Types the given ``text`` into the text field identified by ``locator``.</doc>
<msg timestamp="20220627 17:36:19.604" level="INFO">Typing text 'natants@gmail.com' into text field '//input[@id="email_create"]'.</msg>
<status status="PASS" starttime="20220627 17:36:19.604" endtime="20220627 17:36:19.697"/>
</kw>
<status status="PASS" starttime="20220627 17:36:19.603" endtime="20220627 17:36:19.697"/>
</kw>
<kw name="Sleep" library="BuiltIn">
<arg>2s</arg>
<doc>Pauses the test executed for the given time.</doc>
<msg timestamp="20220627 17:36:21.698" level="INFO">Slept 2 seconds</msg>
<status status="PASS" starttime="20220627 17:36:19.697" endtime="20220627 17:36:21.698"/>
</kw>
<kw name="Click Button Sign Up" library="registersPage">
<kw name="Click Button" library="SeleniumLibrary">
<arg>${button_signup}</arg>
<doc>Clicks the button identified by ``locator``.</doc>
<msg timestamp="20220627 17:36:21.702" level="INFO">Clicking button '//button[@id="SubmitCreate"]'.</msg>
<status status="PASS" starttime="20220627 17:36:21.701" endtime="20220627 17:36:21.804"/>
</kw>
<status status="PASS" starttime="20220627 17:36:21.700" endtime="20220627 17:36:21.804"/>
</kw>
<kw name="Close Browser" library="registersPage">
<kw name="Close All Browsers" library="SeleniumLibrary">
<doc>Closes all open browsers and resets the browser cache.</doc>
<status status="PASS" starttime="20220627 17:36:21.805" endtime="20220627 17:36:23.957"/>
</kw>
<status status="PASS" starttime="20220627 17:36:21.805" endtime="20220627 17:36:23.957"/>
</kw>
<status status="PASS" starttime="20220627 17:35:51.952" endtime="20220627 17:36:23.959"/>
</test>
<status status="PASS" starttime="20220627 17:35:51.723" endtime="20220627 17:36:23.964"/>
</suite>
<statistics>
<total>
<stat pass="1" fail="0" skip="0">All Tests</stat>
</total>
<tag>
</tag>
<suite>
<stat pass="1" fail="0" skip="0" id="s1" name="registerTest">registerTest</stat>
</suite>
</statistics>
<errors>
</errors>
</robot>
