<?xml version="1.0" encoding="UTF-8"?>
<robot generator="Robot 5.0.1 (Python 3.10.5 on win32)" generated="20220627 20:22:11.513" rpa="false" schemaversion="3">
<suite id="s1" name="registerTest" source="D:\autotesting\POM_RobotFR_Automation\testsCases\registerTest.robot">
<test id="s1-t1" name="Register Form Test" line="12">
<kw name="Open my Browser" library="registersPage">
<arg>${SiteUrl}</arg>
<arg>${Browser}</arg>
<kw name="Open Browser" library="SeleniumLibrary">
<arg>${SiteUrl}</arg>
<arg>${Browser}</arg>
<doc>Opens a new browser instance to the optional ``url``.</doc>
<msg timestamp="20220627 20:22:11.745" level="INFO">Opening browser 'Chrome' to base url 'http://automationpractice.com/index.php'.</msg>
<status status="PASS" starttime="20220627 20:22:11.745" endtime="20220627 20:23:59.297"/>
</kw>
<kw name="Maximize Browser Window" library="SeleniumLibrary">
<doc>Maximizes current browser window.</doc>
<status status="PASS" starttime="20220627 20:23:59.297" endtime="20220627 20:23:59.411"/>
</kw>
<status status="PASS" starttime="20220627 20:22:11.744" endtime="20220627 20:23:59.411"/>
</kw>
<kw name="Clik Sign Input" library="registersPage">
<kw name="Click Link" library="SeleniumLibrary">
<arg>${link_signIn}</arg>
<doc>Clicks a link identified by ``locator``.</doc>
<msg timestamp="20220627 20:23:59.412" level="INFO">Clicking link '//a[@class="login"]'.</msg>
<status status="PASS" starttime="20220627 20:23:59.412" endtime="20220627 20:24:16.740"/>
</kw>
<status status="PASS" starttime="20220627 20:23:59.412" endtime="20220627 20:24:16.740"/>
</kw>
<kw name="Enter New Email" library="registersPage">
<arg>${email}</arg>
<kw name="Input Text" library="SeleniumLibrary">
<arg>${txt_email}</arg>
<arg>${email}</arg>
<doc>Types the given ``text`` into the text field identified by ``locator``.</doc>
<msg timestamp="20220627 20:24:16.742" level="INFO">Typing text 'natants@gmail.com' into text field '//input[@id="email"]'.</msg>
<status status="PASS" starttime="20220627 20:24:16.741" endtime="20220627 20:24:16.837"/>
</kw>
<status status="PASS" starttime="20220627 20:24:16.741" endtime="20220627 20:24:16.837"/>
</kw>
<kw name="Sleep" library="BuiltIn">
<arg>2s</arg>
<doc>Pauses the test executed for the given time.</doc>
<msg timestamp="20220627 20:24:18.840" level="INFO">Slept 2 seconds</msg>
<status status="PASS" starttime="20220627 20:24:16.838" endtime="20220627 20:24:18.840"/>
</kw>
<kw name="Click Button Sign Up" library="registersPage">
<kw name="Click Button" library="SeleniumLibrary">
<arg>${button_signup}</arg>
<doc>Clicks the button identified by ``locator``.</doc>
<msg timestamp="20220627 20:24:18.842" level="INFO">Clicking button '//button[@id="SubmitCreate"]'.</msg>
<status status="PASS" starttime="20220627 20:24:18.841" endtime="20220627 20:24:18.933"/>
</kw>
<kw name="Element Should Contain" library="SeleniumLibrary">
<arg>${register_page}</arg>
<arg>Authentication</arg>
<doc>Verifies that element ``locator`` contains text ``expected``.</doc>
<msg timestamp="20220627 20:24:18.963" level="INFO">Element '//span[@class="navigation_page"]' contains text 'Authentication'.</msg>
<status status="PASS" starttime="20220627 20:24:18.933" endtime="20220627 20:24:18.963"/>
</kw>
<status status="PASS" starttime="20220627 20:24:18.841" endtime="20220627 20:24:18.963"/>
</kw>
<kw name="Close Browser" library="registersPage">
<kw name="Close All Browsers" library="SeleniumLibrary">
<doc>Closes all open browsers and resets the browser cache.</doc>
<status status="PASS" starttime="20220627 20:24:18.964" endtime="20220627 20:24:21.156"/>
</kw>
<status status="PASS" starttime="20220627 20:24:18.964" endtime="20220627 20:24:21.156"/>
</kw>
<status status="PASS" starttime="20220627 20:22:11.743" endtime="20220627 20:24:21.158"/>
</test>
<status status="PASS" starttime="20220627 20:22:11.515" endtime="20220627 20:24:21.163"/>
</suite>
<statistics>
<total>
<stat pass="1" fail="0" skip="0">All Tests</stat>
</total>
<tag>
</tag>
<suite>
<stat pass="1" fail="0" skip="0" id="s1" name="registerTest">registerTest</stat>
</suite>
</statistics>
<errors>
</errors>
</robot>
